[1,0]<stdout>:# nThread 1 nGpus 1 minBytes 1024 maxBytes 17179869184 step: 2(factor) warmup iters: 20 iters: 50 validation: 0 
[1,0]<stdout>:#
[1,0]<stdout>:# Using devices
[1,0]<stdout>:#   Rank  0 Pid    970 on nccl-dev-00003O device  0 [0x00] A100-SXM4-40GB
[1,0]<stdout>:#   Rank  1 Pid    971 on nccl-dev-00003O device  1 [0x00] A100-SXM4-40GB
[1,0]<stdout>:#   Rank  2 Pid    972 on nccl-dev-00003O device  2 [0x00] A100-SXM4-40GB
[1,0]<stdout>:#   Rank  3 Pid    973 on nccl-dev-00003O device  3 [0x00] A100-SXM4-40GB
[1,0]<stdout>:#   Rank  4 Pid    974 on nccl-dev-00003O device  4 [0x00] A100-SXM4-40GB
[1,0]<stdout>:#   Rank  5 Pid    975 on nccl-dev-00003O device  5 [0x00] A100-SXM4-40GB
[1,0]<stdout>:#   Rank  6 Pid    978 on nccl-dev-00003O device  6 [0x00] A100-SXM4-40GB
[1,0]<stdout>:#   Rank  7 Pid    982 on nccl-dev-00003O device  7 [0x00] A100-SXM4-40GB
[1,0]<stdout>:#   Rank  8 Pid    890 on nccl-dev-00003S device  0 [0x00] A100-SXM4-40GB
[1,0]<stdout>:#   Rank  9 Pid    891 on nccl-dev-00003S device  1 [0x00] A100-SXM4-40GB
[1,0]<stdout>:#   Rank 10 Pid    892 on nccl-dev-00003S device  2 [0x00] A100-SXM4-40GB
[1,0]<stdout>:#   Rank 11 Pid    893 on nccl-dev-00003S device  3 [0x00] A100-SXM4-40GB
[1,0]<stdout>:#   Rank 12 Pid    894 on nccl-dev-00003S device  4 [0x00] A100-SXM4-40GB
[1,0]<stdout>:#   Rank 13 Pid    897 on nccl-dev-00003S device  5 [0x00] A100-SXM4-40GB
[1,0]<stdout>:#   Rank 14 Pid    902 on nccl-dev-00003S device  6 [0x00] A100-SXM4-40GB
[1,0]<stdout>:#   Rank 15 Pid    905 on nccl-dev-00003S device  7 [0x00] A100-SXM4-40GB
[1,0]<stdout>:NCCL version 2.10.3+cuda11.1
[1,0]<stdout>:#
[1,0]<stdout>:#                                                       out-of-place                       in-place          
[1,0]<stdout>:#       size         count      type   redop     time   algbw   busbw  error     time   algbw   busbw  error
[1,0]<stdout>:#        (B)    (elements)                       (us)  (GB/s)  (GB/s)            (us)  (GB/s)  (GB/s)       
[1,0]<stdout>:        1024           256     float     sum    34.85    0.03    0.06    N/A    34.30    0.03    0.06    N/A
[1,0]<stdout>:        2048           512     float     sum    34.63    0.06    0.11    N/A    35.09    0.06    0.11    N/A
[1,0]<stdout>:        4096          1024     float     sum    38.66    0.11    0.20    N/A    37.17    0.11    0.21    N/A
[1,0]<stdout>:        8192          2048     float     sum    41.32    0.20    0.37    N/A    39.89    0.21    0.39    N/A
[1,0]<stdout>:       16384          4096     float     sum    50.74    0.32    0.61    N/A    49.45    0.33    0.62    N/A
[1,0]<stdout>:       32768          8192     float     sum    57.21    0.57    1.07    N/A    54.05    0.61    1.14    N/A
[1,0]<stdout>:       65536         16384     float     sum    73.23    0.89    1.68    N/A    72.89    0.90    1.69    N/A
[1,0]<stdout>:      131072         32768     float     sum    77.11    1.70    3.19    N/A    76.02    1.72    3.23    N/A
[1,0]<stdout>:      262144         65536     float     sum    81.50    3.22    6.03    N/A    80.12    3.27    6.13    N/A
[1,0]<stdout>:      524288        131072     float     sum    90.18    5.81   10.90    N/A    90.44    5.80   10.87    N/A
[1,0]<stdout>:     1048576        262144     float     sum    104.8   10.01   18.77    N/A    104.7   10.02   18.78    N/A
[1,0]<stdout>:     2097152        524288     float     sum    129.9   16.15   30.28    N/A    142.7   14.70   27.56    N/A
[1,0]<stdout>:     4194304       1048576     float     sum    152.9   27.43   51.43    N/A    151.8   27.64   51.82    N/A
[1,0]<stdout>:     8388608       2097152     float     sum    211.1   39.73   74.50    N/A    207.8   40.37   75.69    N/A
[1,0]<stdout>:    16777216       4194304     float     sum    383.0   43.81   82.14    N/A    393.4   42.65   79.96    N/A
[1,0]<stdout>:    33554432       8388608     float     sum    618.2   54.28  101.77    N/A    611.5   54.88  102.89    N/A
[1,0]<stdout>:    67108864      16777216     float     sum   1175.6   57.08  107.03    N/A   1170.8   57.32  107.47    N/A
[1,0]<stdout>:   134217728      33554432     float     sum   2101.1   63.88  119.78    N/A   2091.9   64.16  120.30    N/A
[1,0]<stdout>:   268435456      67108864     float     sum   4308.6   62.30  116.82    N/A   4310.1   62.28  116.78    N/A
[1,0]<stdout>:   536870912     134217728     float     sum   8552.9   62.77  117.70    N/A   8499.2   63.17  118.44    N/A
[1,0]<stdout>:  1073741824     268435456     float     sum    16946   63.36  118.81    N/A    16963   63.30  118.69    N/A
[1,0]<stdout>:  2147483648     536870912     float     sum    33772   63.59  119.23    N/A    33740   63.65  119.34    N/A
[1,0]<stdout>:  4294967296    1073741824     float     sum    67428   63.70  119.43    N/A    67380   63.74  119.52    N/A
[1,0]<stdout>:  8589934592    2147483648     float     sum   135165   63.55  119.16    N/A   134516   63.86  119.73    N/A
