[1,0]<stdout>:# nThread 1 nGpus 1 minBytes 1024 maxBytes 4294967296 step: 2(factor) warmup iters: 20 iters: 50 validation: 0 
[1,0]<stdout>:#
[1,0]<stdout>:# Using devices
[1,0]<stdout>:#   Rank  0 Pid  26020 on msrhpc-msccl-000000 device  0 [0x00] A100-SXM4-40GB
[1,0]<stdout>:#   Rank  1 Pid  26021 on msrhpc-msccl-000000 device  1 [0x00] A100-SXM4-40GB
[1,0]<stdout>:#   Rank  2 Pid  26022 on msrhpc-msccl-000000 device  2 [0x00] A100-SXM4-40GB
[1,0]<stdout>:#   Rank  3 Pid  26023 on msrhpc-msccl-000000 device  3 [0x00] A100-SXM4-40GB
[1,0]<stdout>:#   Rank  4 Pid  26024 on msrhpc-msccl-000000 device  4 [0x00] A100-SXM4-40GB
[1,0]<stdout>:#   Rank  5 Pid  26026 on msrhpc-msccl-000000 device  5 [0x00] A100-SXM4-40GB
[1,0]<stdout>:#   Rank  6 Pid  26032 on msrhpc-msccl-000000 device  6 [0x00] A100-SXM4-40GB
[1,0]<stdout>:#   Rank  7 Pid  26036 on msrhpc-msccl-000000 device  7 [0x00] A100-SXM4-40GB
[1,0]<stdout>:#   Rank  8 Pid  26667 on msrhpc-msccl-000002 device  0 [0x00] A100-SXM4-40GB
[1,0]<stdout>:#   Rank  9 Pid  26668 on msrhpc-msccl-000002 device  1 [0x00] A100-SXM4-40GB
[1,0]<stdout>:#   Rank 10 Pid  26669 on msrhpc-msccl-000002 device  2 [0x00] A100-SXM4-40GB
[1,0]<stdout>:#   Rank 11 Pid  26670 on msrhpc-msccl-000002 device  3 [0x00] A100-SXM4-40GB
[1,0]<stdout>:#   Rank 12 Pid  26671 on msrhpc-msccl-000002 device  4 [0x00] A100-SXM4-40GB
[1,0]<stdout>:#   Rank 13 Pid  26672 on msrhpc-msccl-000002 device  5 [0x00] A100-SXM4-40GB
[1,0]<stdout>:#   Rank 14 Pid  26674 on msrhpc-msccl-000002 device  6 [0x00] A100-SXM4-40GB
[1,0]<stdout>:#   Rank 15 Pid  26678 on msrhpc-msccl-000002 device  7 [0x00] A100-SXM4-40GB
[1,0]<stdout>:#   Rank 16 Pid   5095 on msrhpc-msccl-00005H device  0 [0x00] A100-SXM4-40GB
[1,0]<stdout>:#   Rank 17 Pid   5096 on msrhpc-msccl-00005H device  1 [0x00] A100-SXM4-40GB
[1,0]<stdout>:#   Rank 18 Pid   5097 on msrhpc-msccl-00005H device  2 [0x00] A100-SXM4-40GB
[1,0]<stdout>:#   Rank 19 Pid   5098 on msrhpc-msccl-00005H device  3 [0x00] A100-SXM4-40GB
[1,0]<stdout>:#   Rank 20 Pid   5099 on msrhpc-msccl-00005H device  4 [0x00] A100-SXM4-40GB
[1,0]<stdout>:#   Rank 21 Pid   5102 on msrhpc-msccl-00005H device  5 [0x00] A100-SXM4-40GB
[1,0]<stdout>:#   Rank 22 Pid   5106 on msrhpc-msccl-00005H device  6 [0x00] A100-SXM4-40GB
[1,0]<stdout>:#   Rank 23 Pid   5110 on msrhpc-msccl-00005H device  7 [0x00] A100-SXM4-40GB
[1,0]<stdout>:#   Rank 24 Pid   4444 on msrhpc-msccl-00005I device  0 [0x00] A100-SXM4-40GB
[1,0]<stdout>:#   Rank 25 Pid   4445 on msrhpc-msccl-00005I device  1 [0x00] A100-SXM4-40GB
[1,0]<stdout>:#   Rank 26 Pid   4446 on msrhpc-msccl-00005I device  2 [0x00] A100-SXM4-40GB
[1,0]<stdout>:#   Rank 27 Pid   4447 on msrhpc-msccl-00005I device  3 [0x00] A100-SXM4-40GB
[1,0]<stdout>:#   Rank 28 Pid   4448 on msrhpc-msccl-00005I device  4 [0x00] A100-SXM4-40GB
[1,0]<stdout>:#   Rank 29 Pid   4451 on msrhpc-msccl-00005I device  5 [0x00] A100-SXM4-40GB
[1,0]<stdout>:#   Rank 30 Pid   4455 on msrhpc-msccl-00005I device  6 [0x00] A100-SXM4-40GB
[1,0]<stdout>:#   Rank 31 Pid   4459 on msrhpc-msccl-00005I device  7 [0x00] A100-SXM4-40GB
[1,0]<stdout>:#
[1,0]<stdout>:#                                                       out-of-place                       in-place          
[1,0]<stdout>:#       size         count      type   redop     time   algbw   busbw  error     time   algbw   busbw  error
[1,0]<stdout>:#        (B)    (elements)                       (us)  (GB/s)  (GB/s)            (us)  (GB/s)  (GB/s)       
[1,0]<stdout>:        1024           256     float     sum    73.76    0.01    0.03    N/A    65.54    0.02    0.03    N/A
[1,0]<stdout>:        2048           512     float     sum    543.5    0.00    0.01    N/A    70.75    0.03    0.06    N/A
[1,0]<stdout>:        4096          1024     float     sum    75.04    0.05    0.11    N/A    72.68    0.06    0.11    N/A
[1,0]<stdout>:        8192          2048     float     sum    76.79    0.11    0.21    N/A    75.93    0.11    0.21    N/A
[1,0]<stdout>:       16384          4096     float     sum    99.60    0.16    0.32    N/A    98.63    0.17    0.32    N/A
[1,0]<stdout>:       32768          8192     float     sum    140.6    0.23    0.45    N/A    139.7    0.23    0.45    N/A
[1,0]<stdout>:       65536         16384     float     sum    150.7    0.43    0.84    N/A    151.3    0.43    0.84    N/A
[1,0]<stdout>:      131072         32768     float     sum    190.9    0.69    1.33    N/A    192.2    0.68    1.32    N/A
[1,0]<stdout>:      262144         65536     float     sum    288.1    0.91    1.76    N/A    288.6    0.91    1.76    N/A
[1,0]<stdout>:      524288        131072     float     sum    548.8    0.96    1.85    N/A    551.3    0.95    1.84    N/A
[1,0]<stdout>:     1048576        262144     float     sum    922.1    1.14    2.20    N/A    923.3    1.14    2.20    N/A
[1,0]<stdout>:     2097152        524288     float     sum   1358.5    1.54    2.99    N/A   1352.0    1.55    3.01    N/A
[1,0]<stdout>:     4194304       1048576     float     sum   2261.9    1.85    3.59    N/A   2253.6    1.86    3.61    N/A
[1,0]<stdout>:     8388608       2097152     float     sum   4170.0    2.01    3.90    N/A   4143.6    2.02    3.92    N/A
[1,0]<stdout>:    16777216       4194304     float     sum   8359.8    2.01    3.89    N/A   8354.6    2.01    3.89    N/A
[1,0]<stdout>:    33554432       8388608     float     sum    16845    1.99    3.86    N/A    16811    2.00    3.87    N/A
[1,0]<stdout>:    67108864      16777216     float     sum    34564    1.94    3.76    N/A    34606    1.94    3.76    N/A
[1,0]<stdout>:   134217728      33554432     float     sum    71532    1.88    3.64    N/A    71414    1.88    3.64    N/A
[1,0]<stdout>:   268435456      67108864     float     sum   142878    1.88    3.64    N/A   142966    1.88    3.64    N/A
[1,0]<stdout>:   536870912     134217728     float     sum   285591    1.88    3.64    N/A   285521    1.88    3.64    N/A
[1,0]<stdout>:  1073741824     268435456     float     sum   571667    1.88    3.64    N/A   571786    1.88    3.64    N/A
[1,0]<stdout>:  2147483648     536870912     float     sum  1143359    1.88    3.64    N/A  1143646    1.88    3.64    N/A
[1,0]<stdout>:  4294967296    1073741824     float     sum  2288374    1.88    3.64    N/A  2287913    1.88    3.64    N/A
[1,0]<stdout>:# Out of bounds values : 0 OK
[1,0]<stdout>:# Avg bus bandwidth    : 2.30346 
[1,0]<stdout>:#
