[1,0]<stdout>:# nThread 1 nGpus 1 minBytes 1024 maxBytes 4294967296 step: 2(factor) warmup iters: 20 iters: 50 validation: 0 
[1,0]<stdout>:#
[1,0]<stdout>:# Using devices
[1,0]<stdout>:#   Rank  0 Pid  26160 on msrhpc-msccl-000000 device  0 [0x00] A100-SXM4-40GB
[1,0]<stdout>:#   Rank  1 Pid  26161 on msrhpc-msccl-000000 device  1 [0x00] A100-SXM4-40GB
[1,0]<stdout>:#   Rank  2 Pid  26162 on msrhpc-msccl-000000 device  2 [0x00] A100-SXM4-40GB
[1,0]<stdout>:#   Rank  3 Pid  26163 on msrhpc-msccl-000000 device  3 [0x00] A100-SXM4-40GB
[1,0]<stdout>:#   Rank  4 Pid  26164 on msrhpc-msccl-000000 device  4 [0x00] A100-SXM4-40GB
[1,0]<stdout>:#   Rank  5 Pid  26170 on msrhpc-msccl-000000 device  5 [0x00] A100-SXM4-40GB
[1,0]<stdout>:#   Rank  6 Pid  26173 on msrhpc-msccl-000000 device  6 [0x00] A100-SXM4-40GB
[1,0]<stdout>:#   Rank  7 Pid  26175 on msrhpc-msccl-000000 device  7 [0x00] A100-SXM4-40GB
[1,0]<stdout>:#   Rank  8 Pid  26826 on msrhpc-msccl-000002 device  0 [0x00] A100-SXM4-40GB
[1,0]<stdout>:#   Rank  9 Pid  26827 on msrhpc-msccl-000002 device  1 [0x00] A100-SXM4-40GB
[1,0]<stdout>:#   Rank 10 Pid  26828 on msrhpc-msccl-000002 device  2 [0x00] A100-SXM4-40GB
[1,0]<stdout>:#   Rank 11 Pid  26829 on msrhpc-msccl-000002 device  3 [0x00] A100-SXM4-40GB
[1,0]<stdout>:#   Rank 12 Pid  26830 on msrhpc-msccl-000002 device  4 [0x00] A100-SXM4-40GB
[1,0]<stdout>:#   Rank 13 Pid  26831 on msrhpc-msccl-000002 device  5 [0x00] A100-SXM4-40GB
[1,0]<stdout>:#   Rank 14 Pid  26833 on msrhpc-msccl-000002 device  6 [0x00] A100-SXM4-40GB
[1,0]<stdout>:#   Rank 15 Pid  26836 on msrhpc-msccl-000002 device  7 [0x00] A100-SXM4-40GB
[1,0]<stdout>:#   Rank 16 Pid   5254 on msrhpc-msccl-00005H device  0 [0x00] A100-SXM4-40GB
[1,0]<stdout>:#   Rank 17 Pid   5255 on msrhpc-msccl-00005H device  1 [0x00] A100-SXM4-40GB
[1,0]<stdout>:#   Rank 18 Pid   5256 on msrhpc-msccl-00005H device  2 [0x00] A100-SXM4-40GB
[1,0]<stdout>:#   Rank 19 Pid   5257 on msrhpc-msccl-00005H device  3 [0x00] A100-SXM4-40GB
[1,0]<stdout>:#   Rank 20 Pid   5258 on msrhpc-msccl-00005H device  4 [0x00] A100-SXM4-40GB
[1,0]<stdout>:#   Rank 21 Pid   5261 on msrhpc-msccl-00005H device  5 [0x00] A100-SXM4-40GB
[1,0]<stdout>:#   Rank 22 Pid   5265 on msrhpc-msccl-00005H device  6 [0x00] A100-SXM4-40GB
[1,0]<stdout>:#   Rank 23 Pid   5269 on msrhpc-msccl-00005H device  7 [0x00] A100-SXM4-40GB
[1,0]<stdout>:#   Rank 24 Pid   4603 on msrhpc-msccl-00005I device  0 [0x00] A100-SXM4-40GB
[1,0]<stdout>:#   Rank 25 Pid   4604 on msrhpc-msccl-00005I device  1 [0x00] A100-SXM4-40GB
[1,0]<stdout>:#   Rank 26 Pid   4605 on msrhpc-msccl-00005I device  2 [0x00] A100-SXM4-40GB
[1,0]<stdout>:#   Rank 27 Pid   4606 on msrhpc-msccl-00005I device  3 [0x00] A100-SXM4-40GB
[1,0]<stdout>:#   Rank 28 Pid   4607 on msrhpc-msccl-00005I device  4 [0x00] A100-SXM4-40GB
[1,0]<stdout>:#   Rank 29 Pid   4610 on msrhpc-msccl-00005I device  5 [0x00] A100-SXM4-40GB
[1,0]<stdout>:#   Rank 30 Pid   4615 on msrhpc-msccl-00005I device  6 [0x00] A100-SXM4-40GB
[1,0]<stdout>:#   Rank 31 Pid   4619 on msrhpc-msccl-00005I device  7 [0x00] A100-SXM4-40GB
[1,0]<stdout>:#   Rank 32 Pid   3918 on msrhpc-msccl-00005J device  0 [0x00] A100-SXM4-40GB
[1,0]<stdout>:#   Rank 33 Pid   3919 on msrhpc-msccl-00005J device  1 [0x00] A100-SXM4-40GB
[1,0]<stdout>:#   Rank 34 Pid   3920 on msrhpc-msccl-00005J device  2 [0x00] A100-SXM4-40GB
[1,0]<stdout>:#   Rank 35 Pid   3921 on msrhpc-msccl-00005J device  3 [0x00] A100-SXM4-40GB
[1,0]<stdout>:#   Rank 36 Pid   3922 on msrhpc-msccl-00005J device  4 [0x00] A100-SXM4-40GB
[1,0]<stdout>:#   Rank 37 Pid   3928 on msrhpc-msccl-00005J device  5 [0x00] A100-SXM4-40GB
[1,0]<stdout>:#   Rank 38 Pid   3930 on msrhpc-msccl-00005J device  6 [0x00] A100-SXM4-40GB
[1,0]<stdout>:#   Rank 39 Pid   3932 on msrhpc-msccl-00005J device  7 [0x00] A100-SXM4-40GB
[1,0]<stdout>:#   Rank 40 Pid   3856 on msrhpc-msccl-00005K device  0 [0x00] A100-SXM4-40GB
[1,0]<stdout>:#   Rank 41 Pid   3857 on msrhpc-msccl-00005K device  1 [0x00] A100-SXM4-40GB
[1,0]<stdout>:#   Rank 42 Pid   3858 on msrhpc-msccl-00005K device  2 [0x00] A100-SXM4-40GB
[1,0]<stdout>:#   Rank 43 Pid   3859 on msrhpc-msccl-00005K device  3 [0x00] A100-SXM4-40GB
[1,0]<stdout>:#   Rank 44 Pid   3860 on msrhpc-msccl-00005K device  4 [0x00] A100-SXM4-40GB
[1,0]<stdout>:#   Rank 45 Pid   3863 on msrhpc-msccl-00005K device  5 [0x00] A100-SXM4-40GB
[1,0]<stdout>:#   Rank 46 Pid   3867 on msrhpc-msccl-00005K device  6 [0x00] A100-SXM4-40GB
[1,0]<stdout>:#   Rank 47 Pid   3872 on msrhpc-msccl-00005K device  7 [0x00] A100-SXM4-40GB
[1,0]<stdout>:#   Rank 48 Pid   3506 on msrhpc-msccl-00005L device  0 [0x00] A100-SXM4-40GB
[1,0]<stdout>:#   Rank 49 Pid   3507 on msrhpc-msccl-00005L device  1 [0x00] A100-SXM4-40GB
[1,0]<stdout>:#   Rank 50 Pid   3508 on msrhpc-msccl-00005L device  2 [0x00] A100-SXM4-40GB
[1,0]<stdout>:#   Rank 51 Pid   3509 on msrhpc-msccl-00005L device  3 [0x00] A100-SXM4-40GB
[1,0]<stdout>:#   Rank 52 Pid   3510 on msrhpc-msccl-00005L device  4 [0x00] A100-SXM4-40GB
[1,0]<stdout>:#   Rank 53 Pid   3513 on msrhpc-msccl-00005L device  5 [0x00] A100-SXM4-40GB
[1,0]<stdout>:#   Rank 54 Pid   3518 on msrhpc-msccl-00005L device  6 [0x00] A100-SXM4-40GB
[1,0]<stdout>:#   Rank 55 Pid   3521 on msrhpc-msccl-00005L device  7 [0x00] A100-SXM4-40GB
[1,0]<stdout>:#   Rank 56 Pid   3428 on msrhpc-msccl-00005M device  0 [0x00] A100-SXM4-40GB
[1,0]<stdout>:#   Rank 57 Pid   3429 on msrhpc-msccl-00005M device  1 [0x00] A100-SXM4-40GB
[1,0]<stdout>:#   Rank 58 Pid   3430 on msrhpc-msccl-00005M device  2 [0x00] A100-SXM4-40GB
[1,0]<stdout>:#   Rank 59 Pid   3431 on msrhpc-msccl-00005M device  3 [0x00] A100-SXM4-40GB
[1,0]<stdout>:#   Rank 60 Pid   3432 on msrhpc-msccl-00005M device  4 [0x00] A100-SXM4-40GB
[1,0]<stdout>:#   Rank 61 Pid   3435 on msrhpc-msccl-00005M device  5 [0x00] A100-SXM4-40GB
[1,0]<stdout>:#   Rank 62 Pid   3440 on msrhpc-msccl-00005M device  6 [0x00] A100-SXM4-40GB
[1,0]<stdout>:#   Rank 63 Pid   3443 on msrhpc-msccl-00005M device  7 [0x00] A100-SXM4-40GB
[1,0]<stdout>:#
[1,0]<stdout>:#                                                       out-of-place                       in-place          
[1,0]<stdout>:#       size         count      type   redop     time   algbw   busbw  error     time   algbw   busbw  error
[1,0]<stdout>:#        (B)    (elements)                       (us)  (GB/s)  (GB/s)            (us)  (GB/s)  (GB/s)       
[1,0]<stdout>:        1024           256     float     sum    107.8    0.01    0.02    N/A    479.2    0.00    0.00    N/A
[1,0]<stdout>:        2048           512     float     sum    472.7    0.00    0.01    N/A    102.8    0.02    0.04    N/A
[1,0]<stdout>:        4096          1024     float     sum    103.0    0.04    0.08    N/A    101.0    0.04    0.08    N/A
[1,0]<stdout>:        8192          2048     float     sum    103.1    0.08    0.16    N/A    102.8    0.08    0.16    N/A
[1,0]<stdout>:       16384          4096     float     sum    136.4    0.12    0.24    N/A    137.0    0.12    0.24    N/A
[1,0]<stdout>:       32768          8192     float     sum    199.1    0.16    0.32    N/A    197.7    0.17    0.33    N/A
[1,0]<stdout>:       65536         16384     float     sum    320.9    0.20    0.40    N/A    322.1    0.20    0.40    N/A
[1,0]<stdout>:      131072         32768     float     sum    298.5    0.44    0.86    N/A    296.3    0.44    0.87    N/A
[1,0]<stdout>:      262144         65536     float     sum    380.2    0.69    1.36    N/A    380.0    0.69    1.36    N/A
[1,0]<stdout>:      524288        131072     float     sum    575.3    0.91    1.79    N/A    573.8    0.91    1.80    N/A
[1,0]<stdout>:     1048576        262144     float     sum   1116.3    0.94    1.85    N/A   1110.8    0.94    1.86    N/A
[1,0]<stdout>:     2097152        524288     float     sum   1356.0    1.55    3.04    N/A   1342.2    1.56    3.08    N/A
[1,0]<stdout>:     4194304       1048576     float     sum   2430.9    1.73    3.40    N/A   2420.8    1.73    3.41    N/A
[1,0]<stdout>:     8388608       2097152     float     sum   4593.5    1.83    3.60    N/A   4608.9    1.82    3.58    N/A
[1,0]<stdout>:    16777216       4194304     float     sum   8528.6    1.97    3.87    N/A   8539.8    1.96    3.87    N/A
[1,0]<stdout>:    33554432       8388608     float     sum    16987    1.98    3.89    N/A    17024    1.97    3.88    N/A
[1,0]<stdout>:    67108864      16777216     float     sum    34166    1.96    3.87    N/A    34168    1.96    3.87    N/A
[1,0]<stdout>:   134217728      33554432     float     sum    70177    1.91    3.77    N/A    70190    1.91    3.76    N/A
[1,0]<stdout>:   268435456      67108864     float     sum   145134    1.85    3.64    N/A   145544    1.84    3.63    N/A
[1,0]<stdout>:   536870912     134217728     float     sum   290410    1.85    3.64    N/A   290585    1.85    3.64    N/A
[1,0]<stdout>:  1073741824     268435456     float     sum   580275    1.85    3.64    N/A   580754    1.85    3.64    N/A
[1,0]<stdout>:  2147483648     536870912     float     sum  1161466    1.85    3.64    N/A  1161825    1.85    3.64    N/A
[1,0]<stdout>:  4294967296    1073741824     float     sum  2324112    1.85    3.64    N/A  2323454    1.85    3.64    N/A
[1,0]<stdout>:# Out of bounds values : 0 OK
[1,0]<stdout>:# Avg bus bandwidth    : 2.20628 
[1,0]<stdout>:#
